           _                 _    
  __ _  __| |_ __ __ _ _ __ | |_  
 / _` |/ _` | '__/ _` | '_ \| __| 
| (_| | (_| | | | (_| | | | | |_  
 \__, |\__,_|_|  \__,_|_| |_|\__| 
    |_|                           

Version: 1.11.4, build: d8b6e4a0
Access web UI at http://localhost:6333/dashboard

2024-09-26T07:54:25.043088Z  INFO storage::content_manager::consensus::persistent: Loading raft state from ./storage/raft_state.json    
2024-09-26T07:54:25.043738Z DEBUG storage::content_manager::consensus::persistent: State: Persistent { state: RaftState { hard_state: HardState { term: 0, vote: 0, commit: 0 }, conf_state: ConfState { voters: [5970716965496996], learners: [], voters_outgoing: [], learners_next: [], auto_leave: false } }, latest_snapshot_meta: SnapshotMetadataSer { term: 0, index: 0 }, apply_progress_queue: EntryApplyProgressQueue(None), peer_address_by_id: RwLock { data: {} }, peer_metadata_by_id: RwLock { data: {} }, cluster_metadata: {}, this_peer_id: 5970716965496996, path: "./storage/raft_state.json", dirty: false }    
2024-09-26T07:54:25.079975Z  INFO storage::content_manager::toc: Loading collection: default    
2024-09-26T07:54:25.332775Z  INFO collection::shards::local_shard: Recovering collection default: 0/1 (0%)    
2024-09-26T07:54:25.384173Z  INFO collection::shards::local_shard: Recovered collection default: 1/1 (100%)    
2024-09-26T07:54:25.388190Z DEBUG qdrant: Loaded collection: default    
2024-09-26T07:54:25.388213Z  INFO qdrant: Distributed mode disabled    
2024-09-26T07:54:25.388230Z  INFO qdrant: Telemetry reporting disabled    
2024-09-26T07:54:25.388649Z DEBUG qdrant: Waiting for thread web to finish    
2024-09-26T07:54:25.388966Z  WARN qdrant::actix::web_ui: Static content folder for Web UI './static' does not exist    
2024-09-26T07:54:25.389317Z  INFO qdrant::actix: TLS disabled for REST API    
2024-09-26T07:54:25.389345Z  INFO qdrant::actix: Qdrant HTTP listening on 6333    
2024-09-26T07:54:25.389353Z  INFO actix_server::builder: Starting 11 workers
2024-09-26T07:54:25.389359Z  INFO actix_server::server: Actix runtime found; starting in Actix runtime
2024-09-26T07:54:25.392805Z  INFO qdrant::tonic: Qdrant gRPC listening on 6334    
2024-09-26T07:54:25.392825Z  INFO qdrant::tonic: TLS disabled for gRPC API    
2024-09-26T07:54:35.080876Z  INFO storage::content_manager::toc::collection_meta_ops: Deleting collection default    
2024-09-26T07:54:35.082440Z DEBUG collection::update_handler: Stopping flush worker.    
2024-09-26T07:54:35.093587Z  INFO actix_web::middleware::logger: 127.0.0.1 "DELETE /collections/default HTTP/1.1" 200 48 "-" "curl/7.81.0" 0.014208    
2024-09-26T07:54:59.439647Z DEBUG storage::content_manager::snapshots::recover: Downloading snapshot from file:///home/san/gaianet/qdrant/snapshots/default/default.snapshot to /home/san/gaianet/qdrant/./snapshots/tmp/download-3KeiWQ    
2024-09-26T07:54:59.439696Z DEBUG storage::content_manager::snapshots::recover: Snapshot downloaded to /home/san/gaianet/qdrant/snapshots/default/default.snapshot    
2024-09-26T07:54:59.440488Z DEBUG storage::content_manager::snapshots::recover: Recovering collection default from snapshot /home/san/gaianet/qdrant/snapshots/default/default.snapshot    
2024-09-26T07:54:59.440529Z DEBUG storage::content_manager::snapshots::recover: Unpacking snapshot to /home/san/gaianet/qdrant/./storage/tmp/col-default-recovery-4XaPgF    
2024-09-26T07:55:00.773400Z DEBUG storage::content_manager::snapshots::recover: Collection default does not exist, creating it    
2024-09-26T07:55:00.773471Z  INFO storage::content_manager::toc::collection_meta_ops: Creating collection default    
2024-09-26T07:55:01.069618Z DEBUG collection::collection: Changing shard default:0 replica state from Some(Initializing) to Active    
2024-09-26T07:55:01.069640Z DEBUG collection::shards::replica_set: Changing local shard default:0 state from Some(Initializing) to Active    
2024-09-26T07:55:01.074040Z DEBUG storage::content_manager::snapshots::recover: Recovering shard 0 from /home/san/gaianet/qdrant/./storage/tmp/col-default-recovery-4XaPgF/0    
2024-09-26T07:55:01.074922Z DEBUG collection::update_handler: Stopping flush worker.    
2024-09-26T07:55:01.318638Z  INFO collection::shards::local_shard: Recovering collection default: 0/20 (0%)    
2024-09-26T07:55:01.393094Z  INFO collection::shards::local_shard: Recovered collection default: 20/20 (100%)    
2024-09-26T07:55:01.396018Z DEBUG storage::content_manager::snapshots::recover: Activating shard 0 of collection default locally    
2024-09-26T07:55:01.396045Z DEBUG collection::collection: Changing shard default:0 replica state from Some(Active) to Active    
2024-09-26T07:55:01.396056Z DEBUG collection::shards::replica_set: Changing local shard default:0 state from Some(Active) to Active    
2024-09-26T07:55:01.402133Z  INFO actix_web::middleware::logger: 127.0.0.1 "POST /collections/default/snapshots/upload?priority=snapshot HTTP/1.1" 200 48 "-" "curl/7.81.0" 2.466150    
2024-09-26T07:55:06.436748Z DEBUG qdrant::tonic: Stopping gRPC service on SIGTERM    
2024-09-26T07:55:06.436775Z  INFO actix_server::server: SIGTERM received; starting graceful shutdown
2024-09-26T07:55:06.436862Z  INFO actix_server::worker: Shutting down idle worker
2024-09-26T07:55:06.436887Z  INFO actix_server::worker: Shutting down idle worker
2024-09-26T07:55:06.436905Z  INFO actix_server::worker: Shutting down idle worker
2024-09-26T07:55:06.436888Z DEBUG actix_server::accept: Paused accepting connections on 127.0.0.1:6333
2024-09-26T07:55:06.436949Z  INFO actix_server::worker: Shutting down idle worker
2024-09-26T07:55:06.436956Z  INFO actix_server::accept: Accept thread stopped
2024-09-26T07:55:06.436949Z  INFO actix_server::worker: Shutting down idle worker
2024-09-26T07:55:06.437031Z  INFO actix_server::worker: Shutting down idle worker
2024-09-26T07:55:06.437034Z  INFO actix_server::worker: Shutting down idle worker
2024-09-26T07:55:06.437072Z  INFO actix_server::worker: Shutting down idle worker
2024-09-26T07:55:06.436980Z  INFO actix_server::worker: Shutting down idle worker
2024-09-26T07:55:06.437400Z  INFO actix_server::worker: Shutting down idle worker
2024-09-26T07:55:06.437530Z  INFO actix_server::worker: Shutting down idle worker
2024-09-26T07:55:06.740339Z DEBUG qdrant: Waiting for thread grpc to finish    
2024-09-26T07:55:06.741119Z DEBUG collection::update_handler: Stopping flush worker.    
